00:00:00.045 |I| Configuration LogValueChange: ResScale set to: 1
00:00:00.050 |I| Configuration LogValueChange: ResScaleCustom set to: 1
00:00:00.051 |I| Configuration LogValueChange: MaxAnisotropy set to: -1
00:00:00.052 |I| Configuration LogValueChange: AspectRatio set to: Fixed16x9
00:00:00.054 |I| Configuration LogValueChange: BackendThreading set to: Auto
00:00:00.054 |I| Configuration LogValueChange: GraphicsBackend set to: OpenGl
00:00:00.055 |I| Configuration LogValueChange: PreferredGpu set to: 
00:00:00.056 |I| Configuration LogValueChange: AntiAliasing set to: None
00:00:00.056 |I| Configuration LogValueChange: ScalingFilter set to: Bilinear
00:00:00.056 |I| Configuration LogValueChange: ScalingFilterLevel set to: 80
00:00:00.059 |I| Configuration LogValueChange: EnableDockedMode set to: True
00:00:00.069 |I| Configuration LogValueChange: EnableVsync set to: True
00:00:00.069 |I| Configuration LogValueChange: EnableShaderCache set to: True
00:00:00.069 |I| Configuration LogValueChange: EnableTextureRecompression set to: False
00:00:00.069 |I| Configuration LogValueChange: EnableMacroHLE set to: True
00:00:00.069 |I| Configuration LogValueChange: EnablePtc set to: True
00:00:00.069 |I| Configuration LogValueChange: EnableInternetAccess set to: False
00:00:00.070 |I| Configuration LogValueChange: EnableFsIntegrityChecks set to: True
00:00:00.070 |I| Configuration LogValueChange: FsGlobalAccessLogMode set to: 0
00:00:00.071 |I| Configuration LogValueChange: AudioBackend set to: SDL2
00:00:00.071 |I| Configuration LogValueChange: AudioVolume set to: 1
00:00:00.072 |I| Configuration LogValueChange: MemoryManagerMode set to: HostMappedUnsafe
00:00:00.072 |I| Configuration LogValueChange: ExpandRam set to: False
00:00:00.072 |I| Configuration LogValueChange: IgnoreMissingServices set to: False
00:00:00.072 |I| Configuration LogValueChange: UseHypervisor set to: True
00:00:00.077 |N| Application PrintSystemInfo: Ryujinx Version: 1.1.744
00:00:00.083 |N| Application Print: Operating System: Microsoft Windows 10.0.22621 (X64)
00:00:00.083 |N| Application Print: CPU: Intel(R) Core(TM) i5-10400F CPU @ 2.90GHz ; 12 logical
00:00:00.084 |N| Application Print: RAM: Total 24505 MiB ; Available 16105 MiB
00:00:00.087 |N| Application PrintSystemInfo: Logs Enabled: Info, Warning, Error, Guest, Stub
00:00:00.088 |N| Application PrintSystemInfo: Launch Mode: UserProfile
00:00:00.079 |I| Gpu : Backend Threading (Auto): True
00:00:00.327 |N| Application LoadApplication: Using Firmware Version: 15.0.1
00:00:00.327 |I| Application LoadApplication: Loading as cart WITHOUT RomFS.
00:00:00.328 |W| Loader GetNpdm: NPDM file not found, using default values!
00:00:00.337 |I| ModLoader QueryContentsDir: Searching mods for DLC 010000000000100D
00:00:00.338 |I| ModLoader QueryContentsDir: Searching mods for DLC 010000000000100D
00:00:00.339 |I| Application EnsureSaveData: Ensuring required savedata exists.
00:00:00.339 |W| Application EnsureSaveData: No control file was found for this game. Using a dummy one instead. This may cause inaccuracies in some games.
00:00:00.558 |I| Ptc Initialize: Initializing Profiled Persistent Translation Cache (enabled: True).
00:00:00.571 |E| Loader LoadNsos: Process initialization returned error "InvalidMemoryRegion".
00:00:00.003 |I| Gpu : Backend Threading (Auto): True
00:00:00.132 |N| Application LoadApplication: Using Firmware Version: 15.0.1
00:00:00.132 |I| Application LoadApplication: Loading as cart WITHOUT RomFS.
00:00:00.132 |W| Loader GetNpdm: NPDM file not found, using default values!
00:00:00.133 |I| ModLoader QueryContentsDir: Searching mods for DLC 010000000000100D
00:00:00.133 |I| ModLoader QueryContentsDir: Searching mods for DLC 010000000000100D
00:00:00.133 |I| Application EnsureSaveData: Ensuring required savedata exists.
00:00:00.133 |W| Application EnsureSaveData: No control file was found for this game. Using a dummy one instead. This may cause inaccuracies in some games.
00:00:00.135 |I| Ptc Initialize: Initializing Profiled Persistent Translation Cache (enabled: True).
00:00:00.135 |E| Loader LoadNsos: Process initialization returned error "InvalidMemoryRegion".
00:00:00.001 |I| Gpu : Backend Threading (Auto): True
00:00:00.124 |N| Application LoadApplication: Using Firmware Version: 15.0.1
00:00:00.124 |I| Application LoadApplication: Loading as NSP.
00:00:00.151 |I| ModLoader QueryContentsDir: Searching mods for Title 01007EF00011E000
00:00:00.151 |I| ModLoader QueryContentsDir: Searching mods for Title 01007EF00011E000
00:00:00.153 |I| Loader Load: Loading rtld...
00:00:00.161 |I| Loader PrintRoSectionInfo: rtld:
    Module: nnrtld
00:00:00.161 |I| Loader Load: Loading main...
00:00:00.541 |I| Loader PrintRoSectionInfo: main:
    Module: D:\home\Cafe\U-King\trunk\Game\App\Rom\NX64\Product\code\U-King.nss
    SDK Libraries: SDK MW+Nintendo+NintendoWare_G3d-0_12_14-Release
                   SDK MW+Nintendo+NintendoWare_Vfx-0_12_13-Release
                   SDK MW+Nintendo+NintendoSDK_gfx-0_12_14-Release
                   SDK MW+Nintendo+NintendoWare_Font-0_12_14-Release
                   SDK MW+Nintendo+NintendoWare_Ui2d-0_12_14-Release
                   SDK MW+Nintendo+NintendoWare_Atk-0_12_14-Release
                   SDK MW+Havok+hcl_2014_1
                   SDK MW+Havok+hkp_2014_2
                   SDK MW+Havok+hkai_2014_2
                   SDK MW+Havok+hka_2014_2
00:00:00.541 |I| Loader Load: Loading subsdk0...
00:00:00.562 |I| Loader PrintRoSectionInfo: subsdk0:
    Module: nvn
    SDK Libraries: SDK MW+Nintendo+NintendoSDK_NVN-0_12_14-Release
00:00:00.562 |I| Loader Load: Loading subsdk1...
00:00:00.564 |I| Loader PrintRoSectionInfo: subsdk1:
    Module: nnDisplay
00:00:00.564 |I| Loader Load: Loading subsdk2...
00:00:00.567 |I| Loader PrintRoSectionInfo: subsdk2:
    Module: libcurl
    SDK Libraries: SDK MW+Nintendo+NintendoSDK_libcurl-0_12_14-Release
00:00:00.567 |I| Loader Load: Loading subsdk3...
00:00:00.623 |I| Loader PrintRoSectionInfo: subsdk3:
    Module: multimedia
    SDK Libraries: SDK MW+Nintendo+NintendoSDK_movie-0_12_14-Release
00:00:00.623 |I| Loader Load: Loading sdk...
00:00:00.691 |I| Loader PrintRoSectionInfo: sdk:
    Module: nnSdk
    FS SDK Version: 0.17.14
    SDK Libraries: SDK MW+Nintendo+NintendoSdk_nnSdk-0_12_14-Release
00:00:00.699 |I| Ptc Initialize: Initializing Profiled Persistent Translation Cache (enabled: True).
00:00:00.708 |I| Loader LoadNsos: Loading image 0 at 0x0000000008000000...
00:00:00.710 |I| Loader LoadNsos: Loading image 1 at 0x0000000008006000...
00:00:00.725 |I| Loader LoadNsos: Loading image 2 at 0x000000000a388000...
00:00:00.726 |I| Loader LoadNsos: Loading image 3 at 0x000000000a57c000...
00:00:00.726 |I| Loader LoadNsos: Loading image 4 at 0x000000000a5a6000...
00:00:00.726 |I| Loader LoadNsos: Loading image 5 at 0x000000000a5eb000...
00:00:00.729 |I| Loader LoadNsos: Loading image 6 at 0x000000000ac61000...
00:00:00.736 |I| ModLoader LoadCheats: Build ids found for title 01007EF00011E000:
    DB4B66DBF275A8261E2D51375F20C47D9A729537000000000000000000000000
    2094F152836683A3632C6153FD84AB8000000000000000000000000000000000
    9F7E69A5C5E8AA0E61199AC33DD0D2D13717C190000000000000000000000000
    FC3D9AAE8B6769E2D69961C005E239F536805F19000000000000000000000000
    2BA5FCC00BA28CDDA26C792E934949CBB5CBC513000000000000000000000000
    AA72F973A902C24747AF4522EE67EA9A7994C3FB000000000000000000000000
    99D55FB2A2CE9E14BD5D56428EC0397BE46E48EB000000000000000000000000
00:00:00.738 |I| Application EnsureSaveData: Ensuring required savedata exists.
00:00:00.789 |I| Loader Start: Application Loaded: The Legend of Zelda: Breath of the Wild v1.0.0 [01007ef00011e000] [64-bit]
00:00:00.801 |I| GUI.WindowThread Hid Configure: Configured Controller ProController to Player1
00:00:01.018 |I| GUI.WindowThread Hid SetupNpad: Connected Controller ProController to Player1
00:00:01.070 |N| GUI.RenderLoop Gpu PrintGpuInformation: ATI Technologies Inc. AMD Radeon RX 5600 XT (4.6.0 Compatibility Profile Context 23.4.3.230420)
00:00:01.094 |I| GPU.MainThread Gpu LoadShaders: Loading 0 shaders from the cache...
00:00:01.100 |I| GPU.MainThread Gpu LoadShaders: Shader cache loaded.
00:00:01.785 |S| HLE.OsThread.20 ServiceAm GetAppletResourceUserId: Stubbed. {appletResourceUserId: 1}
00:00:01.873 |S| HLE.OsThread.20 ServiceAm AcquireForegroundRights: Stubbed. 
00:00:01.891 |S| HLE.OsThread.20 ServiceAm SetFocusHandlingMode: Stubbed. {unknownFlag1: False ; unknownFlag2: False ; unknownFlag3: True}
00:00:03.880 |G| HLE.OsThread.15 ServiceLm Log: Guest Log:
  Log level: Info
    Thread: MainThread
    Filename: D:/home/Cafe/U-King/trunk/Game/Lib/sead/engine/library/modules/src/basis/nin/seadRawPrintNin.cpp
    Line: 18
    Function: PrintStringImpl
    Message: 00000010

00:00:03.900 |S| HLE.OsThread.20 ServiceAm SetRestartMessageEnabled: Stubbed. {restartMessageEnabled: True}
00:00:03.905 |S| HLE.OsThread.20 ServiceAm SetOperationModeChangedNotification: Stubbed. {operationModeChangedNotification: True}
00:00:03.909 |S| HLE.OsThread.20 ServiceAm SetPerformanceModeChangedNotification: Stubbed. {performanceModeChangedNotification: True}
00:00:04.137 |I| HLE.OsThread.20 SurfaceFlinger CreateLayerFromId: Creating layer 1
00:00:04.265 |S| HLE.OsThread.10 ServiceNv InitializeEx: Stubbed. 
00:00:04.334 |S| HLE.OsThread.10 ServiceNv GetActiveSlotMask: Stubbed. 
00:00:04.397 |S| HLE.OsThread.10 ServiceNv SetNvMapFd: Stubbed. 
00:00:04.398 |S| HLE.OsThread.10 ServiceNv AllocGpfifoEx2: Stubbed. 
00:00:04.398 |S| HLE.OsThread.10 ServiceNv AllocObjCtx: Stubbed. 
00:00:04.401 |S| HLE.OsThread.10 ServiceNv SetErrorNotifier: Stubbed. 
00:00:04.401 |S| HLE.OsThread.10 ServiceNv SetUserData: Stubbed. 
00:00:04.402 |S| HLE.OsThread.10 ServiceNv SetPriority: Stubbed. 
00:00:04.409 |S| HLE.OsThread.10 ServiceNv ZcullBind: Stubbed. 
00:00:04.571 |S| HLE.OsThread.9 ServiceHid ActivateDebugPad: Stubbed. {appletResourceUserId: 1}
00:00:04.578 |S| HLE.OsThread.9 ServiceHid ActiveNpadImpl: Stubbed. {appletResourceUserId: 1 ; revision: 0}
00:00:04.586 |S| HLE.OsThread.9 ServiceHid SetSupportedNpadIdType: Stubbed. 9 Players: Player1,Player2,Player3,Player4,Player5,Player6,Player7,Player8,Handheld
00:00:04.593 |S| HLE.OsThread.9 ServiceHid SetSupportedNpadStyleSet: Stubbed. {pid: 96 ; appletResourceUserId: 1 ; type: ProController, Handheld, JoyconPair, JoyconLeft, JoyconRight}
00:00:04.642 |S| HLE.OsThread.9 ServiceHid StartSixAxisSensor: Stubbed. {appletResourceUserId: 1 ; sixAxisSensorHandle: 131075}
00:00:04.784 |S| HLE.OsThread.20 ServiceAcc InitializeApplicationInfo: Stubbed. {TitleId: 72197163296350208}
00:00:11.016 |I| HLE.OsThread.6 AudioRenderer AcquireSessionId: Registered new renderer (0)
00:00:11.019 |I| HLE.OsThread.6 AudioRenderer Initialize: Initializing with REV1
00:00:11.042 |I| AudioProcessor.Worker AudioRenderer Work: Starting audio processor
00:00:11.043 |I| AudioRendererManager.Worker AudioRenderer SendCommands: Starting audio renderer
00:00:11.097 |I| HLE.OsThread.6 AudioRenderer Start: Starting renderer id 0
00:00:11.135 |I| AudioProcessor.Worker Audio EnsureAudioStreamSetup: New audio stream setup with a target sample count of 240
00:00:11.568 |S| HLE.OsThread.6 ServiceAudio QueryAudioDeviceSystemEvent: Stubbed. 
00:00:11.570 |S| HLE.OsThread.6 ServiceAudio GetActiveChannelCount: Stubbed. 
00:00:11.682 |S| HLE.OsThread.9 ServiceHid SetSupportedNpadStyleSet: Stubbed. {pid: 96 ; appletResourceUserId: 1 ; type: ProController, Handheld, JoyconPair}
00:00:14.374 |S| HLE.OsThread.6 ServiceAudio GetActiveChannelCount: Stubbed. 
00:00:16.118 |S| HLE.OsThread.9 ServiceHid SetGyroscopeZeroDriftMode: Stubbed. {appletResourceUserId: 1 ; sixAxisSensorHandle: 131075 ; _gyroscopeZeroDriftMode: Tight}
00:00:28.193 |W| HLE.OsThread.10 ServiceNv Wait: GPU processing thread is too slow, waiting on CPU...
00:00:31.117 |I| .NET ThreadPool Worker Ptc Save: Saved Profiling Info (size: 75257 bytes, profiled functions: 21968).
00:00:31.973 |W| HLE.OsThread.10 ServiceNv Wait: GPU processing thread is too slow, waiting on CPU...
00:00:48.353 |W| HLE.OsThread.10 ServiceNv Wait: GPU processing thread is too slow, waiting on CPU...
00:01:01.112 |I| .NET ThreadPool Worker Ptc Save: Saved Profiling Info (size: 95643 bytes, profiled functions: 27808).
00:01:17.658 |W| HLE.OsThread.10 ServiceNv Wait: GPU processing thread is too slow, waiting on CPU...
00:01:19.905 |W| HLE.OsThread.10 ServiceNv Wait: GPU processing thread is too slow, waiting on CPU...
00:01:23.121 |W| HLE.OsThread.10 ServiceNv Wait: GPU processing thread is too slow, waiting on CPU...
00:01:28.962 |S| HLE.OsThread.20 ServiceAm SetIdleTimeDetectionExtension: Stubbed. {idleTimeDetectionExtension: 1}
00:01:31.112 |I| .NET ThreadPool Worker Ptc Save: Saved Profiling Info (size: 116587 bytes, profiled functions: 33523).
00:01:36.406 |W| HLE.OsThread.10 ServiceNv Wait: GPU processing thread is too slow, waiting on CPU...
00:02:01.113 |I| .NET ThreadPool Worker Ptc Save: Saved Profiling Info (size: 129051 bytes, profiled functions: 36908).
00:02:31.115 |I| .NET ThreadPool Worker Ptc Save: Saved Profiling Info (size: 129283 bytes, profiled functions: 36978).
00:02:40.643 |W| HLE.OsThread.10 ServiceNv Wait: GPU processing thread is too slow, waiting on CPU...
00:02:47.825 |I| Configuration LogValueChange: PreferredGpu set to: 
00:02:47.825 |I| Configuration LogValueChange: AntiAliasing set to: SmaaUltra
00:02:51.841 |I| Configuration LogValueChange: MaxAnisotropy set to: 16
00:02:51.841 |I| Configuration LogValueChange: PreferredGpu set to: 
00:02:52.134 |S| HLE.OsThread.20 ServiceAm SetIdleTimeDetectionExtension: Stubbed. {idleTimeDetectionExtension: 0}
00:02:54.276 |I| Configuration LogValueChange: PreferredGpu set to: 
00:02:57.695 |W| HLE.OsThread.10 ServiceNv Wait: GPU processing thread is too slow, waiting on CPU...
00:03:01.112 |I| .NET ThreadPool Worker Ptc Save: Saved Profiling Info (size: 137855 bytes, profiled functions: 39337).
00:03:31.116 |I| .NET ThreadPool Worker Ptc Save: Saved Profiling Info (size: 140741 bytes, profiled functions: 40121).
00:04:01.114 |I| .NET ThreadPool Worker Ptc Save: Saved Profiling Info (size: 140837 bytes, profiled functions: 40142).
00:04:30.031 |I| Hid Configure: Configured Controller ProController to Player1
00:04:30.767 |I| Configuration LogValueChange: PreferredGpu set to: 
00:04:31.114 |I| .NET ThreadPool Worker Ptc Save: Saved Profiling Info (size: 140973 bytes, profiled functions: 40174).
00:04:31.593 |I| Configuration LogValueChange: PreferredGpu set to: 
00:05:01.111 |I| .NET ThreadPool Worker Ptc Save: Saved Profiling Info (size: 142044 bytes, profiled functions: 40461).
00:05:07.178 |I| Configuration LogValueChange: PreferredGpu set to: 
00:05:31.115 |I| .NET ThreadPool Worker Ptc Save: Saved Profiling Info (size: 142874 bytes, profiled functions: 40692).
00:06:01.116 |I| .NET ThreadPool Worker Ptc Save: Saved Profiling Info (size: 142878 bytes, profiled functions: 40692).
00:06:31.114 |I| .NET ThreadPool Worker Ptc Save: Saved Profiling Info (size: 142870 bytes, profiled functions: 40692).
00:06:44.082 |W| HLE.GuestThread.21 KernelSvc : SendSyncRequest() = TerminationRequested
00:06:44.082 |W| HLE.GuestThread.27 KernelSvc : WaitProcessWideKeyAtomic() = TerminationRequested
00:06:44.082 |W| HLE.GuestThread.19 KernelSvc : ArbitrateLock() = TerminationRequested
00:06:44.084 |W| HLE.GuestThread.22 KernelSvc : WaitProcessWideKeyAtomic() = TerminationRequested
00:06:44.084 |W| HLE.GuestThread.29 KernelSvc : WaitProcessWideKeyAtomic() = TerminationRequested
00:06:44.084 |W| HLE.GuestThread.23 KernelSvc : WaitProcessWideKeyAtomic() = TerminationRequested
00:06:44.084 |W| HLE.GuestThread.26 KernelSvc : WaitProcessWideKeyAtomic() = TerminationRequested
00:06:44.084 |W| HLE.GuestThread.31 KernelSvc : WaitProcessWideKeyAtomic() = TerminationRequested
00:06:44.084 |W| HLE.GuestThread.30 KernelSvc : WaitProcessWideKeyAtomic() = TerminationRequested
00:06:44.084 |W| HLE.GuestThread.32 KernelSvc : WaitProcessWideKeyAtomic() = TerminationRequested
00:06:44.084 |W| HLE.GuestThread.28 KernelSvc : WaitProcessWideKeyAtomic() = TerminationRequested
00:06:44.084 |W| HLE.GuestThread.45 KernelSvc : WaitProcessWideKeyAtomic() = TerminationRequested
00:06:44.084 |W| HLE.GuestThread.41 KernelSvc : WaitProcessWideKeyAtomic() = TerminationRequested
00:06:44.084 |W| HLE.GuestThread.33 KernelSvc : WaitProcessWideKeyAtomic() = TerminationRequested
00:06:44.084 |W| HLE.GuestThread.55 KernelSvc : WaitProcessWideKeyAtomic() = TerminationRequested
00:06:44.084 |W| HLE.GuestThread.43 KernelSvc : WaitProcessWideKeyAtomic() = TerminationRequested
00:06:44.084 |W| HLE.GuestThread.34 KernelSvc : WaitProcessWideKeyAtomic() = TerminationRequested
00:06:44.084 |W| HLE.GuestThread.47 KernelSvc : WaitProcessWideKeyAtomic() = TerminationRequested
00:06:44.084 |W| HLE.GuestThread.50 KernelSvc : WaitProcessWideKeyAtomic() = TerminationRequested
00:06:44.084 |W| HLE.GuestThread.35 KernelSvc : WaitProcessWideKeyAtomic() = TerminationRequested
00:06:44.085 |W| HLE.GuestThread.36 KernelSvc : SendSyncRequest() = TerminationRequested
00:06:44.085 |W| HLE.GuestThread.54 KernelSvc : WaitProcessWideKeyAtomic() = TerminationRequested
00:06:44.085 |W| HLE.GuestThread.37 KernelSvc : WaitProcessWideKeyAtomic() = TerminationRequested
00:06:44.085 |W| HLE.GuestThread.56 KernelSvc : WaitProcessWideKeyAtomic() = TerminationRequested
00:06:44.085 |W| HLE.GuestThread.59 KernelSvc : WaitProcessWideKeyAtomic() = TerminationRequested
00:06:44.085 |W| HLE.GuestThread.38 KernelSvc : WaitProcessWideKeyAtomic() = TerminationRequested
00:06:44.085 |W| HLE.GuestThread.61 KernelSvc : WaitProcessWideKeyAtomic() = TerminationRequested
00:06:44.085 |W| HLE.GuestThread.40 KernelSvc : WaitProcessWideKeyAtomic() = TerminationRequested
00:06:44.085 |W| HLE.GuestThread.42 KernelSvc : WaitProcessWideKeyAtomic() = TerminationRequested
00:06:44.085 |W| HLE.GuestThread.62 KernelSvc : WaitProcessWideKeyAtomic() = TerminationRequested
00:06:44.085 |W| HLE.GuestThread.44 KernelSvc : WaitProcessWideKeyAtomic() = TerminationRequested
00:06:44.085 |W| HLE.GuestThread.46 KernelSvc : WaitProcessWideKeyAtomic() = TerminationRequested
00:06:44.085 |W| HLE.GuestThread.48 KernelSvc : WaitProcessWideKeyAtomic() = TerminationRequested
00:06:44.085 |W| HLE.GuestThread.49 KernelSvc : WaitProcessWideKeyAtomic() = TerminationRequested
00:06:44.085 |W| HLE.GuestThread.53 KernelSvc : WaitProcessWideKeyAtomic() = TerminationRequested
00:06:44.085 |W| HLE.GuestThread.58 KernelSvc : WaitProcessWideKeyAtomic() = TerminationRequested
00:06:44.085 |W| HLE.GuestThread.60 KernelSvc : WaitProcessWideKeyAtomic() = TerminationRequested
00:06:44.088 |E| HLE.OsThread.13 SurfaceFlinger DequeueBuffer: No available buffer slots
00:06:44.088 |E| HLE.OsThread.13 SurfaceFlinger OnTransact: Error returned by transaction DequeueBuffer: Busy
00:06:44.091 |I| HLE.OsThread.6 AudioRenderer Stop: Stopping renderer id 0
00:06:44.095 |W| GUI.WindowThread ServiceNv Close: Closing channel
00:06:44.095 |I| HLE.OsThread.6 AudioRenderer Stop: Stopped renderer id 0
00:06:44.096 |I| HLE.OsThread.6 AudioRenderer ReleaseSessionId: Unregistered renderer (0)
00:06:44.097 |W| GUI.WindowThread ServiceNv Close: Closing channel
00:06:44.102 |I| AudioProcessor.Worker AudioRenderer Work: Stopping audio processor
00:06:44.127 |I| HLE.OsThread.6 AudioRenderer StopLocked: Stopped audio renderer
